<?xml version="1.0" encoding="UTF-8"?>
<testng-results skipped="0" failed="0" ignored="0" total="1" passed="1">
  <reporter-output>
  </reporter-output>
  <suite name="com.ibm.basetest.BaseTest" duration-ms="37" started-at="2019-01-09T10:32:15Z" finished-at="2019-01-09T10:32:15Z">
    <groups>
    </groups>
    <test name="Command line test" duration-ms="37" started-at="2019-01-09T10:32:15Z" finished-at="2019-01-09T10:32:15Z">
      <class name="com.ibm.basetest.BaseTest">
        <test-method status="PASS" signature="LoginTest()[pri:0, instance:com.ibm.basetest.BaseTest@71be98f5]" name="LoginTest" duration-ms="8" started-at="2019-01-09T10:32:15Z" finished-at="2019-01-09T10:32:15Z">
          <reporter-output>
          </reporter-output>
        </test-method> <!-- LoginTest -->
      </class> <!-- com.ibm.basetest.BaseTest -->
    </test> <!-- Command line test -->
  </suite> <!-- com.ibm.basetest.BaseTest -->
</testng-results>
